{
  "stats": {
    "suites": 4,
    "tests": 3,
    "passes": 3,
    "pending": 0,
    "failures": 0,
    "start": "2025-08-22T12:18:12.078Z",
    "end": "2025-08-22T12:18:12.300Z",
    "duration": 222,
    "testsRegistered": 3,
    "passPercent": 100,
    "pendingPercent": 0,
    "other": 0,
    "hasOther": false,
    "skipped": 0,
    "hasSkipped": false
  },
  "results": [
    {
      "uuid": "f874369a-f3f9-4979-b5e3-d191fb5bc2a3",
      "title": "",
      "fullFile": "/mnt/NAS/Programacao/QA/rafaelzanella/clinix/clinix-api-testing/src/tests/authentication/login.test.js",
      "file": "/src/tests/authentication/login.test.js",
      "beforeHooks": [],
      "afterHooks": [],
      "tests": [],
      "suites": [
        {
          "uuid": "4cc83e35-ef6f-46e0-acb3-bb799b060833",
          "title": "Login de Usuário",
          "fullFile": "/mnt/NAS/Programacao/QA/rafaelzanella/clinix/clinix-api-testing/src/tests/authentication/login.test.js",
          "file": "/src/tests/authentication/login.test.js",
          "beforeHooks": [],
          "afterHooks": [],
          "tests": [],
          "suites": [
            {
              "uuid": "4bab3bf5-03dd-4cba-bba5-574388c6c372",
              "title": "Admin",
              "fullFile": "/mnt/NAS/Programacao/QA/rafaelzanella/clinix/clinix-api-testing/src/tests/authentication/login.test.js",
              "file": "/src/tests/authentication/login.test.js",
              "beforeHooks": [],
              "afterHooks": [],
              "tests": [
                {
                  "title": "Deve autenticar com sucesso usando credenciais válidas",
                  "fullTitle": "Login de Usuário Admin Deve autenticar com sucesso usando credenciais válidas",
                  "timedOut": false,
                  "duration": 89,
                  "state": "passed",
                  "speed": "slow",
                  "pass": true,
                  "fail": false,
                  "pending": false,
                  "context": null,
                  "code": "const resposta = await apiAuthenticationLogin(emailAdmin, password)\nexpectLoginSuccess(resposta, { customValidations: (res) => {\n    expect(res.body.data.user.type).to.equal('ADMIN')\n  }\n})",
                  "err": {},
                  "uuid": "4a69d9e9-23bb-4e52-995b-b36bdacd9216",
                  "parentUUID": "4bab3bf5-03dd-4cba-bba5-574388c6c372",
                  "isHook": false,
                  "skipped": false
                }
              ],
              "suites": [],
              "passes": [
                "4a69d9e9-23bb-4e52-995b-b36bdacd9216"
              ],
              "failures": [],
              "pending": [],
              "skipped": [],
              "duration": 89,
              "root": false,
              "rootEmpty": false,
              "_timeout": 2000
            },
            {
              "uuid": "504fa974-bb44-48f0-8cdc-36720e217b29",
              "title": "Farmacêutico",
              "fullFile": "/mnt/NAS/Programacao/QA/rafaelzanella/clinix/clinix-api-testing/src/tests/authentication/login.test.js",
              "file": "/src/tests/authentication/login.test.js",
              "beforeHooks": [],
              "afterHooks": [],
              "tests": [
                {
                  "title": "Deve autenticar farmacêutico com credenciais válidas",
                  "fullTitle": "Login de Usuário Farmacêutico Deve autenticar farmacêutico com credenciais válidas",
                  "timedOut": false,
                  "duration": 65,
                  "state": "passed",
                  "speed": "medium",
                  "pass": true,
                  "fail": false,
                  "pending": false,
                  "context": null,
                  "code": "const resposta = await apiAuthenticationLogin(emailFarmaceutico, password)\nexpectLoginSuccess(resposta, { customValidations: (res) => {\n    expect(res.body.data.user.type).to.equal('FARMACEUTICO')\n  }\n})",
                  "err": {},
                  "uuid": "c9c8bb0a-0a02-4276-a31c-a7925536ff30",
                  "parentUUID": "504fa974-bb44-48f0-8cdc-36720e217b29",
                  "isHook": false,
                  "skipped": false
                }
              ],
              "suites": [],
              "passes": [
                "c9c8bb0a-0a02-4276-a31c-a7925536ff30"
              ],
              "failures": [],
              "pending": [],
              "skipped": [],
              "duration": 65,
              "root": false,
              "rootEmpty": false,
              "_timeout": 2000
            },
            {
              "uuid": "81c8d638-00a4-41bc-8879-d3076cfcf43d",
              "title": "Usuário comum",
              "fullFile": "/mnt/NAS/Programacao/QA/rafaelzanella/clinix/clinix-api-testing/src/tests/authentication/login.test.js",
              "file": "/src/tests/authentication/login.test.js",
              "beforeHooks": [],
              "afterHooks": [],
              "tests": [
                {
                  "title": "Deve autenticar usuário comum com credenciais válidas",
                  "fullTitle": "Login de Usuário Usuário comum Deve autenticar usuário comum com credenciais válidas",
                  "timedOut": false,
                  "duration": 65,
                  "state": "passed",
                  "speed": "medium",
                  "pass": true,
                  "fail": false,
                  "pending": false,
                  "context": null,
                  "code": "const resposta = await apiAuthenticationLogin(emailUsuario, password)\nexpectLoginSuccess(resposta, { customValidations: (res) => {\n    expect(res.body.data.user.type).to.equal('USUARIO')\n  }\n})",
                  "err": {},
                  "uuid": "f0b2ea57-7aef-4f65-88f0-ce9715d879c3",
                  "parentUUID": "81c8d638-00a4-41bc-8879-d3076cfcf43d",
                  "isHook": false,
                  "skipped": false
                }
              ],
              "suites": [],
              "passes": [
                "f0b2ea57-7aef-4f65-88f0-ce9715d879c3"
              ],
              "failures": [],
              "pending": [],
              "skipped": [],
              "duration": 65,
              "root": false,
              "rootEmpty": false,
              "_timeout": 2000
            }
          ],
          "passes": [],
          "failures": [],
          "pending": [],
          "skipped": [],
          "duration": 0,
          "root": false,
          "rootEmpty": false,
          "_timeout": 2000
        }
      ],
      "passes": [],
      "failures": [],
      "pending": [],
      "skipped": [],
      "duration": 0,
      "root": true,
      "rootEmpty": true,
      "_timeout": 2000
    }
  ],
  "meta": {
    "mocha": {
      "version": "11.7.1"
    },
    "mochawesome": {
      "options": {
        "quiet": false,
        "reportFilename": "mochawesome",
        "saveHtml": true,
        "saveJson": true,
        "consoleReporter": "spec",
        "useInlineDiffs": false,
        "code": true
      },
      "version": "7.1.3"
    },
    "marge": {
      "options": null,
      "version": "6.2.0"
    }
  }
}