{
  "stats": {
    "suites": 4,
    "tests": 3,
    "passes": 3,
    "pending": 0,
    "failures": 0,
    "start": "2025-08-23T00:04:22.018Z",
    "end": "2025-08-23T00:04:22.251Z",
    "duration": 233,
    "testsRegistered": 3,
    "passPercent": 100,
    "pendingPercent": 0,
    "other": 0,
    "hasOther": false,
    "skipped": 0,
    "hasSkipped": false
  },
  "results": [
    {
      "uuid": "eb6282a5-1f4e-4604-8cb3-ce527c995bbe",
      "title": "",
      "fullFile": "/mnt/NAS/Programacao/QA/rafaelzanella/clinix/clinix-api-testing/src/tests/authentication/login.test.js",
      "file": "/src/tests/authentication/login.test.js",
      "beforeHooks": [],
      "afterHooks": [],
      "tests": [],
      "suites": [
        {
          "uuid": "56f873b5-24d7-4203-aa58-30f79fd7a03a",
          "title": "Login de Usuário",
          "fullFile": "/mnt/NAS/Programacao/QA/rafaelzanella/clinix/clinix-api-testing/src/tests/authentication/login.test.js",
          "file": "/src/tests/authentication/login.test.js",
          "beforeHooks": [],
          "afterHooks": [],
          "tests": [],
          "suites": [
            {
              "uuid": "0bb7a925-a224-4e8e-8ee1-d3b99751aeec",
              "title": "Admin",
              "fullFile": "/mnt/NAS/Programacao/QA/rafaelzanella/clinix/clinix-api-testing/src/tests/authentication/login.test.js",
              "file": "/src/tests/authentication/login.test.js",
              "beforeHooks": [],
              "afterHooks": [],
              "tests": [
                {
                  "title": "Deve autenticar com sucesso usando credenciais válidas",
                  "fullTitle": "Login de Usuário Admin Deve autenticar com sucesso usando credenciais válidas",
                  "timedOut": false,
                  "duration": 91,
                  "state": "passed",
                  "speed": "slow",
                  "pass": true,
                  "fail": false,
                  "pending": false,
                  "context": null,
                  "code": "const resposta = await apiAuthenticationLogin(emailAdmin, password)\nexpectLoginSuccess(resposta, { customValidations: (res) => {\n    expect(res.body.data.user.type).to.equal('ADMIN')\n  }\n})",
                  "err": {},
                  "uuid": "d1f413df-5629-4a91-b973-2d6b58be805a",
                  "parentUUID": "0bb7a925-a224-4e8e-8ee1-d3b99751aeec",
                  "isHook": false,
                  "skipped": false
                }
              ],
              "suites": [],
              "passes": [
                "d1f413df-5629-4a91-b973-2d6b58be805a"
              ],
              "failures": [],
              "pending": [],
              "skipped": [],
              "duration": 91,
              "root": false,
              "rootEmpty": false,
              "_timeout": 2000
            },
            {
              "uuid": "5d3bd9ec-84c3-4b30-a2f8-ad270f43e532",
              "title": "Farmacêutico",
              "fullFile": "/mnt/NAS/Programacao/QA/rafaelzanella/clinix/clinix-api-testing/src/tests/authentication/login.test.js",
              "file": "/src/tests/authentication/login.test.js",
              "beforeHooks": [],
              "afterHooks": [],
              "tests": [
                {
                  "title": "Deve autenticar farmacêutico com credenciais válidas",
                  "fullTitle": "Login de Usuário Farmacêutico Deve autenticar farmacêutico com credenciais válidas",
                  "timedOut": false,
                  "duration": 66,
                  "state": "passed",
                  "speed": "medium",
                  "pass": true,
                  "fail": false,
                  "pending": false,
                  "context": null,
                  "code": "const resposta = await apiAuthenticationLogin(emailFarmaceutico, password)\nexpectLoginSuccess(resposta, { customValidations: (res) => {\n    expect(res.body.data.user.type).to.equal('FARMACEUTICO')\n  }\n})",
                  "err": {},
                  "uuid": "18766efc-c7ab-44dc-883c-a204d89a902c",
                  "parentUUID": "5d3bd9ec-84c3-4b30-a2f8-ad270f43e532",
                  "isHook": false,
                  "skipped": false
                }
              ],
              "suites": [],
              "passes": [
                "18766efc-c7ab-44dc-883c-a204d89a902c"
              ],
              "failures": [],
              "pending": [],
              "skipped": [],
              "duration": 66,
              "root": false,
              "rootEmpty": false,
              "_timeout": 2000
            },
            {
              "uuid": "7a119e90-6ba9-4edf-a7d3-ee941fcd97ad",
              "title": "Usuário comum",
              "fullFile": "/mnt/NAS/Programacao/QA/rafaelzanella/clinix/clinix-api-testing/src/tests/authentication/login.test.js",
              "file": "/src/tests/authentication/login.test.js",
              "beforeHooks": [],
              "afterHooks": [],
              "tests": [
                {
                  "title": "Deve autenticar usuário comum com credenciais válidas",
                  "fullTitle": "Login de Usuário Usuário comum Deve autenticar usuário comum com credenciais válidas",
                  "timedOut": false,
                  "duration": 70,
                  "state": "passed",
                  "speed": "medium",
                  "pass": true,
                  "fail": false,
                  "pending": false,
                  "context": null,
                  "code": "const resposta = await apiAuthenticationLogin(emailUsuario, password)\nexpectLoginSuccess(resposta, { customValidations: (res) => {\n    expect(res.body.data.user.type).to.equal('USUARIO')\n  }\n})",
                  "err": {},
                  "uuid": "097546fe-e6ab-4a24-856a-d8e24bb2d84d",
                  "parentUUID": "7a119e90-6ba9-4edf-a7d3-ee941fcd97ad",
                  "isHook": false,
                  "skipped": false
                }
              ],
              "suites": [],
              "passes": [
                "097546fe-e6ab-4a24-856a-d8e24bb2d84d"
              ],
              "failures": [],
              "pending": [],
              "skipped": [],
              "duration": 70,
              "root": false,
              "rootEmpty": false,
              "_timeout": 2000
            }
          ],
          "passes": [],
          "failures": [],
          "pending": [],
          "skipped": [],
          "duration": 0,
          "root": false,
          "rootEmpty": false,
          "_timeout": 2000
        }
      ],
      "passes": [],
      "failures": [],
      "pending": [],
      "skipped": [],
      "duration": 0,
      "root": true,
      "rootEmpty": true,
      "_timeout": 2000
    }
  ],
  "meta": {
    "mocha": {
      "version": "11.7.1"
    },
    "mochawesome": {
      "options": {
        "quiet": false,
        "reportFilename": "mochawesome",
        "saveHtml": true,
        "saveJson": true,
        "consoleReporter": "spec",
        "useInlineDiffs": false,
        "code": true
      },
      "version": "7.1.3"
    },
    "marge": {
      "options": null,
      "version": "6.2.0"
    }
  }
}